

Started GET "/" for ::1 at 2017-04-18 14:34:07 -0700
  [1m[36mActiveRecord::SchemaMigration Load (0.1ms)[0m  [1mSELECT "schema_migrations".* FROM "schema_migrations"[0m
Processing by Rails::WelcomeController#index as HTML
  Rendered /Users/Byron/.rbenv/versions/2.2.2/lib/ruby/gems/2.2.0/gems/railties-4.2.0/lib/rails/templates/rails/welcome/index.html.erb (1.7ms)
Completed 200 OK in 21ms (Views: 12.1ms | ActiveRecord: 0.0ms)


Started GET "/" for ::1 at 2017-04-18 14:52:45 -0700
Processing by StaticPagesController#root as HTML
  Rendered static_pages/root.html within layouts/application (0.3ms)
  Rendered layouts/_navigation_links.html.haml (0.8ms)
  Rendered layouts/_navigation.html.haml (5.3ms)
  Rendered layouts/_messages.html.haml (1.4ms)
Completed 200 OK in 4826ms (Views: 4825.7ms | ActiveRecord: 0.0ms)


Started GET "/funnels" for ::1 at 2017-04-18 14:52:54 -0700
Processing by FunnelsController#index as HTML
  Rendered funnels/index.html.haml within layouts/application (136.7ms)
  Rendered layouts/_navigation_links.html.haml (0.1ms)
  Rendered layouts/_navigation.html.haml (1.4ms)
  Rendered layouts/_messages.html.haml (0.2ms)
Completed 200 OK in 192ms (Views: 190.9ms | ActiveRecord: 0.0ms)


Started GET "/applicants/new" for ::1 at 2017-04-18 14:52:55 -0700
Processing by ApplicantsController#new as HTML
  Rendered applicants/new.html.haml within layouts/application (1.7ms)
  Rendered layouts/_navigation_links.html.haml (0.1ms)
  Rendered layouts/_navigation.html.haml (1.3ms)
  Rendered layouts/_messages.html.haml (0.1ms)
Completed 200 OK in 78ms (Views: 76.7ms | ActiveRecord: 0.0ms)


Started GET "/" for ::1 at 2017-04-18 14:53:03 -0700
Processing by StaticPagesController#root as HTML
  Rendered static_pages/root.html within layouts/application (0.0ms)
  Rendered layouts/_navigation_links.html.haml (0.1ms)
  Rendered layouts/_navigation.html.haml (2.0ms)
  Rendered layouts/_messages.html.haml (0.1ms)
Completed 200 OK in 68ms (Views: 67.7ms | ActiveRecord: 0.0ms)


Started GET "/applicants/new" for ::1 at 2017-04-18 14:54:50 -0700
Processing by ApplicantsController#new as HTML
  Rendered applicants/new.html.haml within layouts/application (0.1ms)
  Rendered layouts/_navigation_links.html.haml (0.1ms)
  Rendered layouts/_navigation.html.haml (1.4ms)
  Rendered layouts/_messages.html.haml (0.1ms)
Completed 200 OK in 63ms (Views: 61.9ms | ActiveRecord: 0.0ms)


Started GET "/funnels" for ::1 at 2017-04-18 14:54:50 -0700
Processing by FunnelsController#index as HTML
  Rendered funnels/index.html.haml within layouts/application (133.8ms)
  Rendered layouts/_navigation_links.html.haml (0.2ms)
  Rendered layouts/_navigation.html.haml (2.1ms)
  Rendered layouts/_messages.html.haml (0.2ms)
Completed 200 OK in 188ms (Views: 187.1ms | ActiveRecord: 0.0ms)


Started GET "/applicants/new" for ::1 at 2017-04-18 14:54:51 -0700
Processing by ApplicantsController#new as HTML
  Rendered applicants/new.html.haml within layouts/application (0.1ms)
  Rendered layouts/_navigation_links.html.haml (0.1ms)
  Rendered layouts/_navigation.html.haml (1.5ms)
  Rendered layouts/_messages.html.haml (0.1ms)
Completed 200 OK in 63ms (Views: 62.6ms | ActiveRecord: 0.0ms)


Started GET "/funnels" for ::1 at 2017-04-18 14:54:53 -0700
Processing by FunnelsController#index as HTML
  Rendered funnels/index.html.haml within layouts/application (137.3ms)
  Rendered layouts/_navigation_links.html.haml (0.2ms)
  Rendered layouts/_navigation.html.haml (2.0ms)
  Rendered layouts/_messages.html.haml (0.1ms)
Completed 200 OK in 191ms (Views: 189.8ms | ActiveRecord: 0.0ms)


Started GET "/applicants/new" for ::1 at 2017-04-18 14:54:56 -0700
Processing by ApplicantsController#new as HTML
  Rendered applicants/new.html.haml within layouts/application (0.1ms)
  Rendered layouts/_navigation_links.html.haml (0.1ms)
  Rendered layouts/_navigation.html.haml (2.1ms)
  Rendered layouts/_messages.html.haml (0.1ms)
Completed 200 OK in 56ms (Views: 54.8ms | ActiveRecord: 0.0ms)


Started GET "/applicants/new" for ::1 at 2017-04-18 14:55:00 -0700
Processing by ApplicantsController#new as HTML
  Rendered applicants/new.html.haml within layouts/application (0.1ms)
  Rendered layouts/_navigation_links.html.haml (0.2ms)
  Rendered layouts/_navigation.html.haml (1.2ms)
  Rendered layouts/_messages.html.haml (0.1ms)
Completed 200 OK in 53ms (Views: 53.0ms | ActiveRecord: 0.0ms)
